2015-11-16 17:27:34,489 [Worker-10] INFO  o.e.m.c.i.e.AbstractTransferListenerAdapter - Downloading https://repo.maven.apache.org/maven2/org/sonatype/oss/oss-parent/7/oss-parent-7.pom
2015-11-16 17:27:34,583 [Worker-10] INFO  o.e.m.c.i.e.AbstractTransferListenerAdapter - Downloaded https://repo.maven.apache.org/maven2/org/sonatype/oss/oss-parent/7/oss-parent-7.pom
2015-11-16 17:27:34,706 [Worker-10] INFO  o.e.m.c.i.e.AbstractTransferListenerAdapter - Downloading https://repo.maven.apache.org/maven2/org/apache/maven/wagon/wagon-ssh/2.2/wagon-ssh-2.2.pom
2015-11-16 17:27:34,781 [Worker-10] INFO  o.e.m.c.i.e.AbstractTransferListenerAdapter - Downloaded https://repo.maven.apache.org/maven2/org/apache/maven/wagon/wagon-ssh/2.2/wagon-ssh-2.2.pom
2015-11-16 17:27:34,845 [Worker-10] INFO  o.e.m.c.i.e.AbstractTransferListenerAdapter - Downloading https://repo.maven.apache.org/maven2/org/apache/maven/wagon/wagon-providers/2.2/wagon-providers-2.2.pom
2015-11-16 17:27:34,894 [Worker-10] INFO  o.e.m.c.i.e.AbstractTransferListenerAdapter - Downloaded https://repo.maven.apache.org/maven2/org/apache/maven/wagon/wagon-providers/2.2/wagon-providers-2.2.pom
2015-11-16 17:27:34,954 [Worker-10] INFO  o.e.m.c.i.e.AbstractTransferListenerAdapter - Downloading https://repo.maven.apache.org/maven2/org/apache/maven/wagon/wagon/2.2/wagon-2.2.pom
2015-11-16 17:27:35,007 [Worker-10] INFO  o.e.m.c.i.e.AbstractTransferListenerAdapter - Downloaded https://repo.maven.apache.org/maven2/org/apache/maven/wagon/wagon/2.2/wagon-2.2.pom
2015-11-16 17:27:35,265 [Worker-10] INFO  o.e.m.c.i.e.AbstractTransferListenerAdapter - Downloading https://repo.maven.apache.org/maven2/com/jcraft/jsch/0.1.44-1/jsch-0.1.44-1.pom
2015-11-16 17:27:35,307 [Worker-10] INFO  o.e.m.c.i.e.AbstractTransferListenerAdapter - Downloaded https://repo.maven.apache.org/maven2/com/jcraft/jsch/0.1.44-1/jsch-0.1.44-1.pom
2015-11-16 17:27:35,364 [Worker-10] INFO  o.e.m.c.i.e.AbstractTransferListenerAdapter - Downloading https://repo.maven.apache.org/maven2/org/sonatype/oss/oss-parent/6/oss-parent-6.pom
2015-11-16 17:27:35,408 [Worker-10] INFO  o.e.m.c.i.e.AbstractTransferListenerAdapter - Downloaded https://repo.maven.apache.org/maven2/org/sonatype/oss/oss-parent/6/oss-parent-6.pom
2015-11-16 17:27:35,574 [Worker-10] INFO  o.e.m.c.i.e.AbstractTransferListenerAdapter - Downloading https://repo.maven.apache.org/maven2/org/apache/maven/wagon/wagon-ssh-common/2.2/wagon-ssh-common-2.2.pom
2015-11-16 17:27:35,610 [Worker-10] INFO  o.e.m.c.i.e.AbstractTransferListenerAdapter - Downloaded https://repo.maven.apache.org/maven2/org/apache/maven/wagon/wagon-ssh-common/2.2/wagon-ssh-common-2.2.pom
2015-11-16 17:27:35,668 [Worker-10] INFO  o.e.m.c.i.e.AbstractTransferListenerAdapter - Downloading https://repo.maven.apache.org/maven2/org/codehaus/plexus/plexus-interactivity-api/1.0-alpha-6/plexus-interactivity-api-1.0-alpha-6.pom
2015-11-16 17:27:35,708 [Worker-10] INFO  o.e.m.c.i.e.AbstractTransferListenerAdapter - Downloaded https://repo.maven.apache.org/maven2/org/codehaus/plexus/plexus-interactivity-api/1.0-alpha-6/plexus-interactivity-api-1.0-alpha-6.pom
2015-11-16 17:27:35,755 [Worker-10] INFO  o.e.m.c.i.e.AbstractTransferListenerAdapter - Downloading https://repo.maven.apache.org/maven2/org/codehaus/plexus/plexus-interactivity/1.0-alpha-6/plexus-interactivity-1.0-alpha-6.pom
2015-11-16 17:27:35,793 [Worker-10] INFO  o.e.m.c.i.e.AbstractTransferListenerAdapter - Downloaded https://repo.maven.apache.org/maven2/org/codehaus/plexus/plexus-interactivity/1.0-alpha-6/plexus-interactivity-1.0-alpha-6.pom
2015-11-16 17:27:35,864 [Worker-10] INFO  o.e.m.c.i.e.AbstractTransferListenerAdapter - Downloading https://repo.maven.apache.org/maven2/org/codehaus/plexus/plexus-components/1.1.9/plexus-components-1.1.9.pom
2015-11-16 17:27:35,901 [Worker-10] INFO  o.e.m.c.i.e.AbstractTransferListenerAdapter - Downloaded https://repo.maven.apache.org/maven2/org/codehaus/plexus/plexus-components/1.1.9/plexus-components-1.1.9.pom
2015-11-16 17:27:35,963 [Worker-10] INFO  o.e.m.c.i.e.AbstractTransferListenerAdapter - Downloading https://repo.maven.apache.org/maven2/org/codehaus/plexus/plexus/1.0.10/plexus-1.0.10.pom
2015-11-16 17:27:36,002 [Worker-10] INFO  o.e.m.c.i.e.AbstractTransferListenerAdapter - Downloaded https://repo.maven.apache.org/maven2/org/codehaus/plexus/plexus/1.0.10/plexus-1.0.10.pom
2015-11-16 17:27:36,063 [Worker-10] INFO  o.e.m.c.i.e.AbstractTransferListenerAdapter - Downloading https://repo.maven.apache.org/maven2/org/apache/maven/wagon/wagon-provider-api/2.2/wagon-provider-api-2.2.pom
2015-11-16 17:27:36,101 [Worker-10] INFO  o.e.m.c.i.e.AbstractTransferListenerAdapter - Downloaded https://repo.maven.apache.org/maven2/org/apache/maven/wagon/wagon-provider-api/2.2/wagon-provider-api-2.2.pom
2015-11-16 17:27:36,173 [Worker-10] INFO  o.e.m.c.i.e.AbstractTransferListenerAdapter - Downloading https://repo.maven.apache.org/maven2/org/apache/maven/wagon/wagon-ssh/2.2/wagon-ssh-2.2.jar
2015-11-16 17:27:36,244 [Worker-10] INFO  o.e.m.c.i.e.AbstractTransferListenerAdapter - Downloaded https://repo.maven.apache.org/maven2/org/apache/maven/wagon/wagon-ssh/2.2/wagon-ssh-2.2.jar
2015-11-16 17:27:36,280 [Worker-10] INFO  o.e.m.c.i.e.AbstractTransferListenerAdapter - Downloading https://repo.maven.apache.org/maven2/com/jcraft/jsch/0.1.44-1/jsch-0.1.44-1.jar
2015-11-16 17:27:36,452 [Worker-10] INFO  o.e.m.c.i.e.AbstractTransferListenerAdapter - Downloaded https://repo.maven.apache.org/maven2/com/jcraft/jsch/0.1.44-1/jsch-0.1.44-1.jar
2015-11-16 17:27:36,526 [Worker-10] INFO  o.e.m.c.i.e.AbstractTransferListenerAdapter - Downloading https://repo.maven.apache.org/maven2/org/apache/maven/wagon/wagon-ssh-common/2.2/wagon-ssh-common-2.2.jar
2015-11-16 17:27:36,567 [Worker-10] INFO  o.e.m.c.i.e.AbstractTransferListenerAdapter - Downloaded https://repo.maven.apache.org/maven2/org/apache/maven/wagon/wagon-ssh-common/2.2/wagon-ssh-common-2.2.jar
2015-11-16 17:27:36,616 [Worker-10] INFO  o.e.m.c.i.e.AbstractTransferListenerAdapter - Downloading https://repo.maven.apache.org/maven2/org/codehaus/plexus/plexus-interactivity-api/1.0-alpha-6/plexus-interactivity-api-1.0-alpha-6.jar
2015-11-16 17:27:36,654 [Worker-10] INFO  o.e.m.c.i.e.AbstractTransferListenerAdapter - Downloaded https://repo.maven.apache.org/maven2/org/codehaus/plexus/plexus-interactivity-api/1.0-alpha-6/plexus-interactivity-api-1.0-alpha-6.jar
2015-11-16 17:27:36,695 [Worker-10] INFO  o.e.m.c.i.e.AbstractTransferListenerAdapter - Downloading https://repo.maven.apache.org/maven2/org/apache/maven/wagon/wagon-provider-api/2.2/wagon-provider-api-2.2.jar
2015-11-16 17:27:36,754 [Worker-10] INFO  o.e.m.c.i.e.AbstractTransferListenerAdapter - Downloaded https://repo.maven.apache.org/maven2/org/apache/maven/wagon/wagon-provider-api/2.2/wagon-provider-api-2.2.jar
2015-11-16 17:27:38,236 [Worker-10] INFO  o.e.m.c.i.e.AbstractTransferListenerAdapter - Downloading https://repo.maven.apache.org/maven2/org/apache/maven/plugins/maven-enforcer-plugin/1.0/maven-enforcer-plugin-1.0.pom
2015-11-16 17:27:38,276 [Worker-10] INFO  o.e.m.c.i.e.AbstractTransferListenerAdapter - Downloaded https://repo.maven.apache.org/maven2/org/apache/maven/plugins/maven-enforcer-plugin/1.0/maven-enforcer-plugin-1.0.pom
2015-11-16 17:27:38,326 [Worker-10] INFO  o.e.m.c.i.e.AbstractTransferListenerAdapter - Downloading https://repo.maven.apache.org/maven2/org/apache/maven/enforcer/enforcer/1.0/enforcer-1.0.pom
2015-11-16 17:27:38,364 [Worker-10] INFO  o.e.m.c.i.e.AbstractTransferListenerAdapter - Downloaded https://repo.maven.apache.org/maven2/org/apache/maven/enforcer/enforcer/1.0/enforcer-1.0.pom
2015-11-16 17:27:38,422 [Worker-10] INFO  o.e.m.c.i.e.AbstractTransferListenerAdapter - Downloading https://repo.maven.apache.org/maven2/org/apache/maven/maven-parent/17/maven-parent-17.pom
2015-11-16 17:27:38,483 [Worker-10] INFO  o.e.m.c.i.e.AbstractTransferListenerAdapter - Downloaded https://repo.maven.apache.org/maven2/org/apache/maven/maven-parent/17/maven-parent-17.pom
2015-11-16 17:27:38,531 [Worker-10] INFO  o.e.m.c.i.e.AbstractTransferListenerAdapter - Downloading https://repo.maven.apache.org/maven2/org/apache/apache/7/apache-7.pom
2015-11-16 17:27:38,581 [Worker-10] INFO  o.e.m.c.i.e.AbstractTransferListenerAdapter - Downloaded https://repo.maven.apache.org/maven2/org/apache/apache/7/apache-7.pom
2015-11-16 17:27:38,633 [Worker-10] INFO  o.e.m.c.i.e.AbstractTransferListenerAdapter - Downloading https://repo.maven.apache.org/maven2/org/apache/maven/plugins/maven-enforcer-plugin/1.0/maven-enforcer-plugin-1.0.jar
2015-11-16 17:27:38,672 [Worker-10] INFO  o.e.m.c.i.e.AbstractTransferListenerAdapter - Downloaded https://repo.maven.apache.org/maven2/org/apache/maven/plugins/maven-enforcer-plugin/1.0/maven-enforcer-plugin-1.0.jar
2015-11-16 17:27:38,840 [Worker-10] INFO  o.e.m.c.i.e.AbstractTransferListenerAdapter - Downloading https://repo.maven.apache.org/maven2/org/codehaus/mojo/build-helper-maven-plugin/1.7/build-helper-maven-plugin-1.7.pom
2015-11-16 17:27:38,878 [Worker-10] INFO  o.e.m.c.i.e.AbstractTransferListenerAdapter - Downloaded https://repo.maven.apache.org/maven2/org/codehaus/mojo/build-helper-maven-plugin/1.7/build-helper-maven-plugin-1.7.pom
2015-11-16 17:27:38,926 [Worker-10] INFO  o.e.m.c.i.e.AbstractTransferListenerAdapter - Downloading https://repo.maven.apache.org/maven2/org/codehaus/mojo/mojo-parent/28/mojo-parent-28.pom
2015-11-16 17:27:38,968 [Worker-10] INFO  o.e.m.c.i.e.AbstractTransferListenerAdapter - Downloaded https://repo.maven.apache.org/maven2/org/codehaus/mojo/mojo-parent/28/mojo-parent-28.pom
2015-11-16 17:27:39,012 [Worker-10] INFO  o.e.m.c.i.e.AbstractTransferListenerAdapter - Downloading https://repo.maven.apache.org/maven2/org/codehaus/codehaus-parent/3/codehaus-parent-3.pom
2015-11-16 17:27:39,051 [Worker-10] INFO  o.e.m.c.i.e.AbstractTransferListenerAdapter - Downloaded https://repo.maven.apache.org/maven2/org/codehaus/codehaus-parent/3/codehaus-parent-3.pom
2015-11-16 17:27:39,112 [Worker-10] INFO  o.e.m.c.i.e.AbstractTransferListenerAdapter - Downloading https://repo.maven.apache.org/maven2/org/codehaus/mojo/build-helper-maven-plugin/1.7/build-helper-maven-plugin-1.7.jar
2015-11-16 17:27:39,153 [Worker-10] INFO  o.e.m.c.i.e.AbstractTransferListenerAdapter - Downloaded https://repo.maven.apache.org/maven2/org/codehaus/mojo/build-helper-maven-plugin/1.7/build-helper-maven-plugin-1.7.jar
2015-11-16 17:27:39,422 [Worker-10] INFO  o.e.m.c.i.e.AbstractTransferListenerAdapter - Downloading https://repo.maven.apache.org/maven2/org/apache/maven/plugins/maven-antrun-plugin/1.7/maven-antrun-plugin-1.7.jar
2015-11-16 17:27:39,468 [Worker-10] INFO  o.e.m.c.i.e.AbstractTransferListenerAdapter - Downloaded https://repo.maven.apache.org/maven2/org/apache/maven/plugins/maven-antrun-plugin/1.7/maven-antrun-plugin-1.7.jar
2015-11-16 17:27:39,647 [Worker-10] INFO  o.e.m.c.i.e.AbstractTransferListenerAdapter - Downloading https://repo.maven.apache.org/maven2/org/apache/maven/plugins/maven-resources-plugin/2.5/maven-resources-plugin-2.5.jar
2015-11-16 17:27:39,688 [Worker-10] INFO  o.e.m.c.i.e.AbstractTransferListenerAdapter - Downloaded https://repo.maven.apache.org/maven2/org/apache/maven/plugins/maven-resources-plugin/2.5/maven-resources-plugin-2.5.jar
2015-11-16 17:27:39,855 [Worker-10] INFO  o.e.m.c.i.e.AbstractTransferListenerAdapter - Downloading https://repo.maven.apache.org/maven2/org/apache/maven/plugins/maven-surefire-plugin/2.12/maven-surefire-plugin-2.12.jar
2015-11-16 17:27:39,899 [Worker-10] INFO  o.e.m.c.i.e.AbstractTransferListenerAdapter - Downloaded https://repo.maven.apache.org/maven2/org/apache/maven/plugins/maven-surefire-plugin/2.12/maven-surefire-plugin-2.12.jar
2015-11-16 17:27:40,080 [Worker-10] INFO  o.e.m.c.i.e.AbstractTransferListenerAdapter - Downloading https://repo.maven.apache.org/maven2/org/apache/maven/plugins/maven-assembly-plugin/2.2-beta-5/maven-assembly-plugin-2.2-beta-5.jar
2015-11-16 17:27:40,262 [Worker-10] INFO  o.e.m.c.i.e.AbstractTransferListenerAdapter - Downloaded https://repo.maven.apache.org/maven2/org/apache/maven/plugins/maven-assembly-plugin/2.2-beta-5/maven-assembly-plugin-2.2-beta-5.jar
2015-11-16 17:27:41,393 [Worker-10] INFO  o.e.m.c.i.e.AbstractTransferListenerAdapter - Downloading https://repo.maven.apache.org/maven2/com/atlassian/maven/plugins/maven-clover2-plugin/2.5.1/maven-clover2-plugin-2.5.1.jar
2015-11-16 17:27:41,464 [Worker-10] INFO  o.e.m.c.i.e.AbstractTransferListenerAdapter - Downloaded https://repo.maven.apache.org/maven2/com/atlassian/maven/plugins/maven-clover2-plugin/2.5.1/maven-clover2-plugin-2.5.1.jar
2015-11-16 17:27:41,639 [Worker-10] INFO  o.e.m.c.i.e.AbstractTransferListenerAdapter - Downloading https://repo.maven.apache.org/maven2/net/sourceforge/pmd/pmd-build/0.8/pmd-build-0.8.jar
2015-11-16 17:27:41,690 [Worker-10] INFO  o.e.m.c.i.e.AbstractTransferListenerAdapter - Downloaded https://repo.maven.apache.org/maven2/net/sourceforge/pmd/pmd-build/0.8/pmd-build-0.8.jar
2015-11-16 17:27:41,977 [Worker-10] INFO  o.e.m.c.i.e.AbstractTransferListenerAdapter - Downloading https://repo.maven.apache.org/maven2/org/apache/maven/plugins/maven-site-plugin/3.0/maven-site-plugin-3.0.jar
2015-11-16 17:27:42,065 [Worker-10] INFO  o.e.m.c.i.e.AbstractTransferListenerAdapter - Downloaded https://repo.maven.apache.org/maven2/org/apache/maven/plugins/maven-site-plugin/3.0/maven-site-plugin-3.0.jar
2015-11-16 17:27:45,265 [Worker-10] INFO  o.e.m.c.i.l.LifecycleMappingFactory - Using org.eclipse.m2e.jdt.JarLifecycleMapping lifecycle mapping for MavenProject: net.sourceforge.pmd:pmd:5.0.5 @ C:\Users\ellyn\Documents\GitHub\VV\TP3\Pmd\pmd\pom.xml.
2015-11-16 17:27:45,434 [Worker-10] INFO  o.e.m.c.i.e.AbstractTransferListenerAdapter - Downloading https://repo.maven.apache.org/maven2/org/apache/ant/ant/1.8.1/ant-1.8.1.pom
2015-11-16 17:27:45,471 [Worker-10] INFO  o.e.m.c.i.e.AbstractTransferListenerAdapter - Downloaded https://repo.maven.apache.org/maven2/org/apache/ant/ant/1.8.1/ant-1.8.1.pom
2015-11-16 17:27:45,532 [Worker-10] INFO  o.e.m.c.i.e.AbstractTransferListenerAdapter - Downloading https://repo.maven.apache.org/maven2/org/apache/ant/ant-parent/1.8.1/ant-parent-1.8.1.pom
2015-11-16 17:27:45,568 [Worker-10] INFO  o.e.m.c.i.e.AbstractTransferListenerAdapter - Downloaded https://repo.maven.apache.org/maven2/org/apache/ant/ant-parent/1.8.1/ant-parent-1.8.1.pom
2015-11-16 17:27:45,611 [Worker-10] INFO  o.e.m.c.i.e.AbstractTransferListenerAdapter - Downloading https://repo.maven.apache.org/maven2/org/apache/ant/ant-launcher/1.8.1/ant-launcher-1.8.1.pom
2015-11-16 17:27:45,648 [Worker-10] INFO  o.e.m.c.i.e.AbstractTransferListenerAdapter - Downloaded https://repo.maven.apache.org/maven2/org/apache/ant/ant-launcher/1.8.1/ant-launcher-1.8.1.pom
2015-11-16 17:27:45,693 [Worker-10] INFO  o.e.m.c.i.e.AbstractTransferListenerAdapter - Downloading https://repo.maven.apache.org/maven2/org/apache/ant/ant-testutil/1.7.1/ant-testutil-1.7.1.pom
2015-11-16 17:27:45,732 [Worker-10] INFO  o.e.m.c.i.e.AbstractTransferListenerAdapter - Downloaded https://repo.maven.apache.org/maven2/org/apache/ant/ant-testutil/1.7.1/ant-testutil-1.7.1.pom
2015-11-16 17:27:45,772 [Worker-10] INFO  o.e.m.c.i.e.AbstractTransferListenerAdapter - Downloading https://repo.maven.apache.org/maven2/org/apache/ant/ant-parent/1.7.1/ant-parent-1.7.1.pom
2015-11-16 17:27:45,810 [Worker-10] INFO  o.e.m.c.i.e.AbstractTransferListenerAdapter - Downloaded https://repo.maven.apache.org/maven2/org/apache/ant/ant-parent/1.7.1/ant-parent-1.7.1.pom
2015-11-16 17:27:45,855 [Worker-10] INFO  o.e.m.c.i.e.AbstractTransferListenerAdapter - Downloading https://repo.maven.apache.org/maven2/org/apache/ant/ant/1.7.1/ant-1.7.1.pom
2015-11-16 17:27:45,891 [Worker-10] INFO  o.e.m.c.i.e.AbstractTransferListenerAdapter - Downloaded https://repo.maven.apache.org/maven2/org/apache/ant/ant/1.7.1/ant-1.7.1.pom
2015-11-16 17:27:45,934 [Worker-10] INFO  o.e.m.c.i.e.AbstractTransferListenerAdapter - Downloading https://repo.maven.apache.org/maven2/org/apache/ant/ant-launcher/1.7.1/ant-launcher-1.7.1.pom
2015-11-16 17:27:45,971 [Worker-10] INFO  o.e.m.c.i.e.AbstractTransferListenerAdapter - Downloaded https://repo.maven.apache.org/maven2/org/apache/ant/ant-launcher/1.7.1/ant-launcher-1.7.1.pom
2015-11-16 17:27:46,055 [Worker-10] INFO  o.e.m.c.i.e.AbstractTransferListenerAdapter - Downloading https://repo.maven.apache.org/maven2/jaxen/jaxen/1.1.1/jaxen-1.1.1.pom
2015-11-16 17:27:46,097 [Worker-10] INFO  o.e.m.c.i.e.AbstractTransferListenerAdapter - Downloaded https://repo.maven.apache.org/maven2/jaxen/jaxen/1.1.1/jaxen-1.1.1.pom
2015-11-16 17:27:46,159 [Worker-10] INFO  o.e.m.c.i.e.AbstractTransferListenerAdapter - Downloading https://repo.maven.apache.org/maven2/dom4j/dom4j/1.6.1/dom4j-1.6.1.pom
2015-11-16 17:27:46,217 [Worker-10] INFO  o.e.m.c.i.e.AbstractTransferListenerAdapter - Downloaded https://repo.maven.apache.org/maven2/dom4j/dom4j/1.6.1/dom4j-1.6.1.pom
2015-11-16 17:27:46,269 [Worker-10] INFO  o.e.m.c.i.e.AbstractTransferListenerAdapter - Downloading https://repo.maven.apache.org/maven2/xml-apis/xml-apis/1.0.b2/xml-apis-1.0.b2.pom
2015-11-16 17:27:46,306 [Worker-10] INFO  o.e.m.c.i.e.AbstractTransferListenerAdapter - Downloaded https://repo.maven.apache.org/maven2/xml-apis/xml-apis/1.0.b2/xml-apis-1.0.b2.pom
2015-11-16 17:27:46,355 [Worker-10] INFO  o.e.m.c.i.e.AbstractTransferListenerAdapter - Downloading https://repo.maven.apache.org/maven2/jdom/jdom/1.0/jdom-1.0.pom
2015-11-16 17:27:46,392 [Worker-10] INFO  o.e.m.c.i.e.AbstractTransferListenerAdapter - Downloaded https://repo.maven.apache.org/maven2/jdom/jdom/1.0/jdom-1.0.pom
2015-11-16 17:27:46,434 [Worker-10] INFO  o.e.m.c.i.e.AbstractTransferListenerAdapter - Downloading https://repo.maven.apache.org/maven2/xml-apis/xml-apis/1.3.02/xml-apis-1.3.02.pom
2015-11-16 17:27:46,471 [Worker-10] INFO  o.e.m.c.i.e.AbstractTransferListenerAdapter - Downloaded https://repo.maven.apache.org/maven2/xml-apis/xml-apis/1.3.02/xml-apis-1.3.02.pom
2015-11-16 17:27:46,513 [Worker-10] INFO  o.e.m.c.i.e.AbstractTransferListenerAdapter - Downloading https://repo.maven.apache.org/maven2/xom/xom/1.0/xom-1.0.pom
2015-11-16 17:27:46,549 [Worker-10] INFO  o.e.m.c.i.e.AbstractTransferListenerAdapter - Downloaded https://repo.maven.apache.org/maven2/xom/xom/1.0/xom-1.0.pom
2015-11-16 17:27:46,592 [Worker-10] INFO  o.e.m.c.i.e.AbstractTransferListenerAdapter - Downloading https://repo.maven.apache.org/maven2/xerces/xmlParserAPIs/2.6.2/xmlParserAPIs-2.6.2.pom
2015-11-16 17:27:46,628 [Worker-10] INFO  o.e.m.c.i.e.AbstractTransferListenerAdapter - Downloaded https://repo.maven.apache.org/maven2/xerces/xmlParserAPIs/2.6.2/xmlParserAPIs-2.6.2.pom
2015-11-16 17:27:46,672 [Worker-10] INFO  o.e.m.c.i.e.AbstractTransferListenerAdapter - Downloading https://repo.maven.apache.org/maven2/com/beust/jcommander/1.27/jcommander-1.27.pom
2015-11-16 17:27:46,716 [Worker-10] INFO  o.e.m.c.i.e.AbstractTransferListenerAdapter - Downloaded https://repo.maven.apache.org/maven2/com/beust/jcommander/1.27/jcommander-1.27.pom
2015-11-16 17:27:46,758 [Worker-10] INFO  o.e.m.c.i.e.AbstractTransferListenerAdapter - Downloading https://repo.maven.apache.org/maven2/org/sonatype/oss/oss-parent/3/oss-parent-3.pom
2015-11-16 17:27:46,800 [Worker-10] INFO  o.e.m.c.i.e.AbstractTransferListenerAdapter - Downloaded https://repo.maven.apache.org/maven2/org/sonatype/oss/oss-parent/3/oss-parent-3.pom
2015-11-16 17:27:46,846 [Worker-10] INFO  o.e.m.c.i.e.AbstractTransferListenerAdapter - Downloading https://repo.maven.apache.org/maven2/asm/asm/3.2/asm-3.2.pom
2015-11-16 17:27:46,882 [Worker-10] INFO  o.e.m.c.i.e.AbstractTransferListenerAdapter - Downloaded https://repo.maven.apache.org/maven2/asm/asm/3.2/asm-3.2.pom
2015-11-16 17:27:46,926 [Worker-10] INFO  o.e.m.c.i.e.AbstractTransferListenerAdapter - Downloading https://repo.maven.apache.org/maven2/asm/asm-parent/3.2/asm-parent-3.2.pom
2015-11-16 17:27:46,962 [Worker-10] INFO  o.e.m.c.i.e.AbstractTransferListenerAdapter - Downloaded https://repo.maven.apache.org/maven2/asm/asm-parent/3.2/asm-parent-3.2.pom
2015-11-16 17:27:47,011 [Worker-10] INFO  o.e.m.c.i.e.AbstractTransferListenerAdapter - Downloading https://repo.maven.apache.org/maven2/net/sourceforge/saxon/saxon/9.1.0.8/saxon-9.1.0.8.pom
2015-11-16 17:27:47,049 [Worker-10] INFO  o.e.m.c.i.e.AbstractTransferListenerAdapter - Downloaded https://repo.maven.apache.org/maven2/net/sourceforge/saxon/saxon/9.1.0.8/saxon-9.1.0.8.pom
2015-11-16 17:27:47,103 [Worker-10] INFO  o.e.m.c.i.e.AbstractTransferListenerAdapter - Downloading https://repo.maven.apache.org/maven2/org/mozilla/rhino/1.7R3/rhino-1.7R3.pom
2015-11-16 17:27:47,140 [Worker-10] INFO  o.e.m.c.i.e.AbstractTransferListenerAdapter - Downloaded https://repo.maven.apache.org/maven2/org/mozilla/rhino/1.7R3/rhino-1.7R3.pom
2015-11-16 17:27:47,186 [Worker-10] INFO  o.e.m.c.i.e.AbstractTransferListenerAdapter - Downloading https://repo.maven.apache.org/maven2/junit/junit/4.4/junit-4.4.pom
2015-11-16 17:27:47,223 [Worker-10] INFO  o.e.m.c.i.e.AbstractTransferListenerAdapter - Downloaded https://repo.maven.apache.org/maven2/junit/junit/4.4/junit-4.4.pom
2015-11-16 17:27:47,268 [Worker-10] INFO  o.e.m.c.i.e.AbstractTransferListenerAdapter - Downloading https://repo.maven.apache.org/maven2/xerces/xercesImpl/2.9.1/xercesImpl-2.9.1.pom
2015-11-16 17:27:47,304 [Worker-10] INFO  o.e.m.c.i.e.AbstractTransferListenerAdapter - Downloaded https://repo.maven.apache.org/maven2/xerces/xercesImpl/2.9.1/xercesImpl-2.9.1.pom
2015-11-16 17:27:47,344 [Worker-10] INFO  o.e.m.c.i.e.AbstractTransferListenerAdapter - Downloading https://repo.maven.apache.org/maven2/xml-apis/xml-apis/1.3.04/xml-apis-1.3.04.pom
2015-11-16 17:27:47,384 [Worker-10] INFO  o.e.m.c.i.e.AbstractTransferListenerAdapter - Downloaded https://repo.maven.apache.org/maven2/xml-apis/xml-apis/1.3.04/xml-apis-1.3.04.pom
2015-11-16 17:27:47,430 [Worker-10] INFO  o.e.m.c.i.e.AbstractTransferListenerAdapter - Downloading https://repo.maven.apache.org/maven2/net/java/dev/javacc/javacc/4.1/javacc-4.1.pom
2015-11-16 17:27:47,466 [Worker-10] INFO  o.e.m.c.i.e.AbstractTransferListenerAdapter - Downloaded https://repo.maven.apache.org/maven2/net/java/dev/javacc/javacc/4.1/javacc-4.1.pom
2015-11-16 17:27:47,512 [Worker-10] INFO  o.e.m.c.i.e.AbstractTransferListenerAdapter - Downloading https://repo.maven.apache.org/maven2/commons-io/commons-io/2.2/commons-io-2.2.pom
2015-11-16 17:27:47,550 [Worker-10] INFO  o.e.m.c.i.e.AbstractTransferListenerAdapter - Downloaded https://repo.maven.apache.org/maven2/commons-io/commons-io/2.2/commons-io-2.2.pom
2015-11-16 17:27:47,593 [Worker-10] INFO  o.e.m.c.i.e.AbstractTransferListenerAdapter - Downloading https://repo.maven.apache.org/maven2/org/apache/commons/commons-parent/24/commons-parent-24.pom
2015-11-16 17:27:47,647 [Worker-10] INFO  o.e.m.c.i.e.AbstractTransferListenerAdapter - Downloaded https://repo.maven.apache.org/maven2/org/apache/commons/commons-parent/24/commons-parent-24.pom
2015-11-16 17:27:47,700 [Worker-10] INFO  o.e.m.c.i.e.AbstractTransferListenerAdapter - Downloading https://repo.maven.apache.org/maven2/org/apache/apache/9/apache-9.pom
2015-11-16 17:27:47,739 [Worker-10] INFO  o.e.m.c.i.e.AbstractTransferListenerAdapter - Downloaded https://repo.maven.apache.org/maven2/org/apache/apache/9/apache-9.pom
2015-11-16 17:27:47,785 [Worker-10] INFO  o.e.m.c.i.e.AbstractTransferListenerAdapter - Downloading https://repo.maven.apache.org/maven2/org/mockito/mockito-all/1.9.5/mockito-all-1.9.5.pom
2015-11-16 17:27:47,821 [Worker-10] INFO  o.e.m.c.i.e.AbstractTransferListenerAdapter - Downloaded https://repo.maven.apache.org/maven2/org/mockito/mockito-all/1.9.5/mockito-all-1.9.5.pom
2015-11-16 17:27:47,867 [Worker-10] INFO  o.e.m.c.i.e.AbstractTransferListenerAdapter - Downloading https://repo.maven.apache.org/maven2/org/apache/commons/commons-lang3/3.1/commons-lang3-3.1.pom
2015-11-16 17:27:47,904 [Worker-10] INFO  o.e.m.c.i.e.AbstractTransferListenerAdapter - Downloaded https://repo.maven.apache.org/maven2/org/apache/commons/commons-lang3/3.1/commons-lang3-3.1.pom
2015-11-16 17:27:47,951 [Worker-10] INFO  o.e.m.c.i.e.AbstractTransferListenerAdapter - Downloading https://repo.maven.apache.org/maven2/org/apache/commons/commons-parent/22/commons-parent-22.pom
2015-11-16 17:27:47,997 [Worker-10] INFO  o.e.m.c.i.e.AbstractTransferListenerAdapter - Downloaded https://repo.maven.apache.org/maven2/org/apache/commons/commons-parent/22/commons-parent-22.pom
2015-11-16 17:27:48,085 [Worker-10] INFO  o.e.m.c.i.e.AbstractTransferListenerAdapter - Downloading https://repo.maven.apache.org/maven2/org/apache/ant/ant/1.8.1/ant-1.8.1.jar
2015-11-16 17:27:48,974 [Worker-10] INFO  o.e.m.c.i.e.AbstractTransferListenerAdapter - Downloaded https://repo.maven.apache.org/maven2/org/apache/ant/ant/1.8.1/ant-1.8.1.jar
2015-11-16 17:27:49,017 [Worker-10] INFO  o.e.m.c.i.e.AbstractTransferListenerAdapter - Downloading https://repo.maven.apache.org/maven2/org/apache/ant/ant-launcher/1.8.1/ant-launcher-1.8.1.jar
2015-11-16 17:27:49,056 [Worker-10] INFO  o.e.m.c.i.e.AbstractTransferListenerAdapter - Downloaded https://repo.maven.apache.org/maven2/org/apache/ant/ant-launcher/1.8.1/ant-launcher-1.8.1.jar
2015-11-16 17:27:49,094 [Worker-10] INFO  o.e.m.c.i.e.AbstractTransferListenerAdapter - Downloading https://repo.maven.apache.org/maven2/org/apache/ant/ant-testutil/1.7.1/ant-testutil-1.7.1.jar
2015-11-16 17:27:49,134 [Worker-10] INFO  o.e.m.c.i.e.AbstractTransferListenerAdapter - Downloaded https://repo.maven.apache.org/maven2/org/apache/ant/ant-testutil/1.7.1/ant-testutil-1.7.1.jar
2015-11-16 17:27:49,174 [Worker-10] INFO  o.e.m.c.i.e.AbstractTransferListenerAdapter - Downloading https://repo.maven.apache.org/maven2/jaxen/jaxen/1.1.1/jaxen-1.1.1.jar
2015-11-16 17:27:49,367 [Worker-10] INFO  o.e.m.c.i.e.AbstractTransferListenerAdapter - Downloaded https://repo.maven.apache.org/maven2/jaxen/jaxen/1.1.1/jaxen-1.1.1.jar
2015-11-16 17:27:49,405 [Worker-10] INFO  o.e.m.c.i.e.AbstractTransferListenerAdapter - Downloading https://repo.maven.apache.org/maven2/dom4j/dom4j/1.6.1/dom4j-1.6.1.jar
2015-11-16 17:27:49,679 [Worker-10] INFO  o.e.m.c.i.e.AbstractTransferListenerAdapter - Downloaded https://repo.maven.apache.org/maven2/dom4j/dom4j/1.6.1/dom4j-1.6.1.jar
2015-11-16 17:27:49,722 [Worker-10] INFO  o.e.m.c.i.e.AbstractTransferListenerAdapter - Downloading https://repo.maven.apache.org/maven2/jdom/jdom/1.0/jdom-1.0.jar
2015-11-16 17:27:49,880 [Worker-10] INFO  o.e.m.c.i.e.AbstractTransferListenerAdapter - Downloaded https://repo.maven.apache.org/maven2/jdom/jdom/1.0/jdom-1.0.jar
2015-11-16 17:27:49,936 [Worker-10] INFO  o.e.m.c.i.e.AbstractTransferListenerAdapter - Downloading https://repo.maven.apache.org/maven2/xml-apis/xml-apis/1.3.02/xml-apis-1.3.02.jar
2015-11-16 17:27:50,118 [Worker-10] INFO  o.e.m.c.i.e.AbstractTransferListenerAdapter - Downloaded https://repo.maven.apache.org/maven2/xml-apis/xml-apis/1.3.02/xml-apis-1.3.02.jar
2015-11-16 17:27:50,153 [Worker-10] INFO  o.e.m.c.i.e.AbstractTransferListenerAdapter - Downloading https://repo.maven.apache.org/maven2/xom/xom/1.0/xom-1.0.jar
2015-11-16 17:27:50,289 [Worker-10] INFO  o.e.m.c.i.e.AbstractTransferListenerAdapter - Downloaded https://repo.maven.apache.org/maven2/xom/xom/1.0/xom-1.0.jar
2015-11-16 17:27:50,323 [Worker-10] INFO  o.e.m.c.i.e.AbstractTransferListenerAdapter - Downloading https://repo.maven.apache.org/maven2/xerces/xmlParserAPIs/2.6.2/xmlParserAPIs-2.6.2.jar
2015-11-16 17:27:50,462 [Worker-10] INFO  o.e.m.c.i.e.AbstractTransferListenerAdapter - Downloaded https://repo.maven.apache.org/maven2/xerces/xmlParserAPIs/2.6.2/xmlParserAPIs-2.6.2.jar
2015-11-16 17:27:50,498 [Worker-10] INFO  o.e.m.c.i.e.AbstractTransferListenerAdapter - Downloading https://repo.maven.apache.org/maven2/com/beust/jcommander/1.27/jcommander-1.27.jar
2015-11-16 17:27:50,581 [Worker-10] INFO  o.e.m.c.i.e.AbstractTransferListenerAdapter - Downloaded https://repo.maven.apache.org/maven2/com/beust/jcommander/1.27/jcommander-1.27.jar
2015-11-16 17:27:50,613 [Worker-10] INFO  o.e.m.c.i.e.AbstractTransferListenerAdapter - Downloading https://repo.maven.apache.org/maven2/asm/asm/3.2/asm-3.2.jar
2015-11-16 17:27:50,690 [Worker-10] INFO  o.e.m.c.i.e.AbstractTransferListenerAdapter - Downloaded https://repo.maven.apache.org/maven2/asm/asm/3.2/asm-3.2.jar
2015-11-16 17:27:50,723 [Worker-10] INFO  o.e.m.c.i.e.AbstractTransferListenerAdapter - Downloading https://repo.maven.apache.org/maven2/net/sourceforge/saxon/saxon/9.1.0.8/saxon-9.1.0.8.jar
2015-11-16 17:27:54,340 [Worker-10] INFO  o.e.m.c.i.e.AbstractTransferListenerAdapter - Downloaded https://repo.maven.apache.org/maven2/net/sourceforge/saxon/saxon/9.1.0.8/saxon-9.1.0.8.jar
2015-11-16 17:27:54,386 [Worker-10] INFO  o.e.m.c.i.e.AbstractTransferListenerAdapter - Downloading https://repo.maven.apache.org/maven2/net/sourceforge/saxon/saxon/9.1.0.8/saxon-9.1.0.8-dom.jar
2015-11-16 17:27:54,529 [Worker-10] INFO  o.e.m.c.i.e.AbstractTransferListenerAdapter - Downloaded https://repo.maven.apache.org/maven2/net/sourceforge/saxon/saxon/9.1.0.8/saxon-9.1.0.8-dom.jar
2015-11-16 17:27:54,564 [Worker-10] INFO  o.e.m.c.i.e.AbstractTransferListenerAdapter - Downloading https://repo.maven.apache.org/maven2/org/mozilla/rhino/1.7R3/rhino-1.7R3.jar
2015-11-16 17:27:55,467 [Worker-10] INFO  o.e.m.c.i.e.AbstractTransferListenerAdapter - Downloaded https://repo.maven.apache.org/maven2/org/mozilla/rhino/1.7R3/rhino-1.7R3.jar
2015-11-16 17:27:55,500 [Worker-10] INFO  o.e.m.c.i.e.AbstractTransferListenerAdapter - Downloading https://repo.maven.apache.org/maven2/junit/junit/4.4/junit-4.4.jar
2015-11-16 17:27:55,651 [Worker-10] INFO  o.e.m.c.i.e.AbstractTransferListenerAdapter - Downloaded https://repo.maven.apache.org/maven2/junit/junit/4.4/junit-4.4.jar
2015-11-16 17:27:55,684 [Worker-10] INFO  o.e.m.c.i.e.AbstractTransferListenerAdapter - Downloading https://repo.maven.apache.org/maven2/xerces/xercesImpl/2.9.1/xercesImpl-2.9.1.jar
2015-11-16 17:27:56,604 [Worker-10] INFO  o.e.m.c.i.e.AbstractTransferListenerAdapter - Downloaded https://repo.maven.apache.org/maven2/xerces/xercesImpl/2.9.1/xercesImpl-2.9.1.jar
2015-11-16 17:27:56,645 [Worker-10] INFO  o.e.m.c.i.e.AbstractTransferListenerAdapter - Downloading https://repo.maven.apache.org/maven2/net/java/dev/javacc/javacc/4.1/javacc-4.1.jar
2015-11-16 17:27:56,910 [Worker-10] INFO  o.e.m.c.i.e.AbstractTransferListenerAdapter - Downloaded https://repo.maven.apache.org/maven2/net/java/dev/javacc/javacc/4.1/javacc-4.1.jar
2015-11-16 17:27:56,948 [Worker-10] INFO  o.e.m.c.i.e.AbstractTransferListenerAdapter - Downloading https://repo.maven.apache.org/maven2/commons-io/commons-io/2.2/commons-io-2.2.jar
2015-11-16 17:27:57,108 [Worker-10] INFO  o.e.m.c.i.e.AbstractTransferListenerAdapter - Downloaded https://repo.maven.apache.org/maven2/commons-io/commons-io/2.2/commons-io-2.2.jar
2015-11-16 17:27:57,140 [Worker-10] INFO  o.e.m.c.i.e.AbstractTransferListenerAdapter - Downloading https://repo.maven.apache.org/maven2/org/mockito/mockito-all/1.9.5/mockito-all-1.9.5.jar
2015-11-16 17:27:58,288 [Worker-10] INFO  o.e.m.c.i.e.AbstractTransferListenerAdapter - Downloaded https://repo.maven.apache.org/maven2/org/mockito/mockito-all/1.9.5/mockito-all-1.9.5.jar
2015-11-16 17:27:58,326 [Worker-10] INFO  o.e.m.c.i.e.AbstractTransferListenerAdapter - Downloading https://repo.maven.apache.org/maven2/org/apache/commons/commons-lang3/3.1/commons-lang3-3.1.jar
2015-11-16 17:27:58,550 [Worker-10] INFO  o.e.m.c.i.e.AbstractTransferListenerAdapter - Downloaded https://repo.maven.apache.org/maven2/org/apache/commons/commons-lang3/3.1/commons-lang3-3.1.jar
2015-11-16 17:27:59,983 [Worker-5] INFO  o.e.m.i.launch.MavenLaunchDelegate - C:\Users\ellyn\Documents\GitHub\VV\TP3\Pmd\pmd
2015-11-16 17:27:59,984 [Worker-5] INFO  o.e.m.i.launch.MavenLaunchDelegate -  mvn  -B clean
2015-11-16 17:28:03,052 [Worker-10] INFO  o.e.m.c.i.e.AbstractTransferListenerAdapter - Downloading https://repo.maven.apache.org/maven2/org/apache/maven/plugins/maven-antrun-plugin/1.7/maven-antrun-plugin-1.7.pom
2015-11-16 17:28:03,089 [Worker-10] INFO  o.e.m.c.i.e.AbstractTransferListenerAdapter - Downloaded https://repo.maven.apache.org/maven2/org/apache/maven/plugins/maven-antrun-plugin/1.7/maven-antrun-plugin-1.7.pom
2015-11-16 17:28:03,228 [Worker-10] INFO  o.e.m.c.i.e.AbstractTransferListenerAdapter - Downloading https://repo.maven.apache.org/maven2/org/apache/maven/plugins/maven-resources-plugin/2.5/maven-resources-plugin-2.5.pom
2015-11-16 17:28:03,275 [Worker-10] INFO  o.e.m.c.i.e.AbstractTransferListenerAdapter - Downloaded https://repo.maven.apache.org/maven2/org/apache/maven/plugins/maven-resources-plugin/2.5/maven-resources-plugin-2.5.pom
2015-11-16 17:28:03,341 [Worker-10] INFO  o.e.m.c.i.e.AbstractTransferListenerAdapter - Downloading https://repo.maven.apache.org/maven2/org/apache/maven/plugins/maven-plugins/19/maven-plugins-19.pom
2015-11-16 17:28:03,378 [Worker-10] INFO  o.e.m.c.i.e.AbstractTransferListenerAdapter - Downloaded https://repo.maven.apache.org/maven2/org/apache/maven/plugins/maven-plugins/19/maven-plugins-19.pom
2015-11-16 17:28:03,460 [Worker-10] INFO  o.e.m.c.i.e.AbstractTransferListenerAdapter - Downloading https://repo.maven.apache.org/maven2/org/apache/maven/maven-parent/19/maven-parent-19.pom
2015-11-16 17:28:03,498 [Worker-10] INFO  o.e.m.c.i.e.AbstractTransferListenerAdapter - Downloaded https://repo.maven.apache.org/maven2/org/apache/maven/maven-parent/19/maven-parent-19.pom
2015-11-16 17:28:03,634 [Worker-10] INFO  o.e.m.c.i.e.AbstractTransferListenerAdapter - Downloading https://repo.maven.apache.org/maven2/org/apache/maven/maven-plugin-api/2.0.11/maven-plugin-api-2.0.11.pom
2015-11-16 17:28:03,671 [Worker-10] INFO  o.e.m.c.i.e.AbstractTransferListenerAdapter - Downloaded https://repo.maven.apache.org/maven2/org/apache/maven/maven-plugin-api/2.0.11/maven-plugin-api-2.0.11.pom
2015-11-16 17:28:03,733 [Worker-10] INFO  o.e.m.c.i.e.AbstractTransferListenerAdapter - Downloading https://repo.maven.apache.org/maven2/org/apache/maven/maven/2.0.11/maven-2.0.11.pom
2015-11-16 17:28:03,803 [Worker-10] INFO  o.e.m.c.i.e.AbstractTransferListenerAdapter - Downloaded https://repo.maven.apache.org/maven2/org/apache/maven/maven/2.0.11/maven-2.0.11.pom
2015-11-16 17:28:03,851 [Worker-10] INFO  o.e.m.c.i.e.AbstractTransferListenerAdapter - Downloading https://repo.maven.apache.org/maven2/org/apache/maven/maven-parent/12/maven-parent-12.pom
2015-11-16 17:28:03,914 [Worker-10] INFO  o.e.m.c.i.e.AbstractTransferListenerAdapter - Downloaded https://repo.maven.apache.org/maven2/org/apache/maven/maven-parent/12/maven-parent-12.pom
2015-11-16 17:28:03,970 [Worker-10] INFO  o.e.m.c.i.e.AbstractTransferListenerAdapter - Downloading https://repo.maven.apache.org/maven2/org/apache/apache/6/apache-6.pom
2015-11-16 17:28:04,018 [Worker-10] INFO  o.e.m.c.i.e.AbstractTransferListenerAdapter - Downloaded https://repo.maven.apache.org/maven2/org/apache/apache/6/apache-6.pom
2015-11-16 17:28:04,083 [main] INFO  c.g.t.t.d.PublishedGradleVersions - Gradle version information cache file is out-of-date. Remote download required.
2015-11-16 17:28:04,095 [Worker-10] INFO  o.e.m.c.i.e.AbstractTransferListenerAdapter - Downloading https://repo.maven.apache.org/maven2/org/apache/maven/maven-project/2.0.11/maven-project-2.0.11.pom
2015-11-16 17:28:04,133 [Worker-10] INFO  o.e.m.c.i.e.AbstractTransferListenerAdapter - Downloaded https://repo.maven.apache.org/maven2/org/apache/maven/maven-project/2.0.11/maven-project-2.0.11.pom
2015-11-16 17:28:04,189 [Worker-10] INFO  o.e.m.c.i.e.AbstractTransferListenerAdapter - Downloading https://repo.maven.apache.org/maven2/org/apache/maven/maven-settings/2.0.11/maven-settings-2.0.11.pom
2015-11-16 17:28:04,247 [Worker-10] INFO  o.e.m.c.i.e.AbstractTransferListenerAdapter - Downloaded https://repo.maven.apache.org/maven2/org/apache/maven/maven-settings/2.0.11/maven-settings-2.0.11.pom
2015-11-16 17:28:04,294 [Worker-10] INFO  o.e.m.c.i.e.AbstractTransferListenerAdapter - Downloading https://repo.maven.apache.org/maven2/org/apache/maven/maven-model/2.0.11/maven-model-2.0.11.pom
2015-11-16 17:28:04,346 [Worker-10] INFO  o.e.m.c.i.e.AbstractTransferListenerAdapter - Downloaded https://repo.maven.apache.org/maven2/org/apache/maven/maven-model/2.0.11/maven-model-2.0.11.pom
2015-11-16 17:28:05,426 [Worker-10] INFO  o.e.m.c.i.e.AbstractTransferListenerAdapter - Downloading https://repo.maven.apache.org/maven2/org/codehaus/plexus/plexus/1.0.12/plexus-1.0.12.pom
2015-11-16 17:28:05,478 [Worker-10] INFO  o.e.m.c.i.e.AbstractTransferListenerAdapter - Downloaded https://repo.maven.apache.org/maven2/org/codehaus/plexus/plexus/1.0.12/plexus-1.0.12.pom
2015-11-16 17:28:05,527 [Worker-10] INFO  o.e.m.c.i.e.AbstractTransferListenerAdapter - Downloading https://repo.maven.apache.org/maven2/org/codehaus/plexus/plexus-interpolation/1.1/plexus-interpolation-1.1.pom
2015-11-16 17:28:05,577 [Worker-10] INFO  o.e.m.c.i.e.AbstractTransferListenerAdapter - Downloaded https://repo.maven.apache.org/maven2/org/codehaus/plexus/plexus-interpolation/1.1/plexus-interpolation-1.1.pom
2015-11-16 17:28:05,635 [Worker-10] INFO  o.e.m.c.i.e.AbstractTransferListenerAdapter - Downloading https://repo.maven.apache.org/maven2/org/apache/maven/maven-profile/2.0.11/maven-profile-2.0.11.pom
2015-11-16 17:28:05,763 [Worker-10] INFO  o.e.m.c.i.e.AbstractTransferListenerAdapter - Downloaded https://repo.maven.apache.org/maven2/org/apache/maven/maven-profile/2.0.11/maven-profile-2.0.11.pom
2015-11-16 17:28:05,964 [Worker-10] INFO  o.e.m.c.i.e.AbstractTransferListenerAdapter - Downloading https://repo.maven.apache.org/maven2/org/apache/maven/maven-repository-metadata/2.0.11/maven-repository-metadata-2.0.11.pom
2015-11-16 17:28:06,036 [Worker-10] INFO  o.e.m.c.i.e.AbstractTransferListenerAdapter - Downloaded https://repo.maven.apache.org/maven2/org/apache/maven/maven-repository-metadata/2.0.11/maven-repository-metadata-2.0.11.pom
2015-11-16 17:28:06,092 [Worker-10] INFO  o.e.m.c.i.e.AbstractTransferListenerAdapter - Downloading https://repo.maven.apache.org/maven2/org/apache/maven/maven-artifact/2.0.11/maven-artifact-2.0.11.pom
2015-11-16 17:28:06,153 [Worker-10] INFO  o.e.m.c.i.e.AbstractTransferListenerAdapter - Downloaded https://repo.maven.apache.org/maven2/org/apache/maven/maven-artifact/2.0.11/maven-artifact-2.0.11.pom
2015-11-16 17:28:06,203 [Worker-10] INFO  o.e.m.c.i.e.AbstractTransferListenerAdapter - Downloading https://repo.maven.apache.org/maven2/org/apache/maven/maven-plugin-registry/2.0.11/maven-plugin-registry-2.0.11.pom
2015-11-16 17:28:06,245 [Worker-10] INFO  o.e.m.c.i.e.AbstractTransferListenerAdapter - Downloaded https://repo.maven.apache.org/maven2/org/apache/maven/maven-plugin-registry/2.0.11/maven-plugin-registry-2.0.11.pom
2015-11-16 17:28:06,347 [Worker-10] INFO  o.e.m.c.i.e.AbstractTransferListenerAdapter - Downloading https://repo.maven.apache.org/maven2/org/apache/ant/ant/1.8.2/ant-1.8.2.pom
2015-11-16 17:28:06,396 [Worker-10] INFO  o.e.m.c.i.e.AbstractTransferListenerAdapter - Downloaded https://repo.maven.apache.org/maven2/org/apache/ant/ant/1.8.2/ant-1.8.2.pom
2015-11-16 17:28:06,453 [Worker-10] INFO  o.e.m.c.i.e.AbstractTransferListenerAdapter - Downloading https://repo.maven.apache.org/maven2/org/apache/ant/ant-parent/1.8.2/ant-parent-1.8.2.pom
2015-11-16 17:28:06,491 [Worker-10] INFO  o.e.m.c.i.e.AbstractTransferListenerAdapter - Downloaded https://repo.maven.apache.org/maven2/org/apache/ant/ant-parent/1.8.2/ant-parent-1.8.2.pom
2015-11-16 17:28:06,538 [Worker-10] INFO  o.e.m.c.i.e.AbstractTransferListenerAdapter - Downloading https://repo.maven.apache.org/maven2/org/apache/ant/ant-launcher/1.8.2/ant-launcher-1.8.2.pom
2015-11-16 17:28:06,586 [Worker-10] INFO  o.e.m.c.i.e.AbstractTransferListenerAdapter - Downloaded https://repo.maven.apache.org/maven2/org/apache/ant/ant-launcher/1.8.2/ant-launcher-1.8.2.pom
2015-11-16 17:28:06,711 [Worker-10] INFO  o.e.m.c.i.e.AbstractTransferListenerAdapter - Downloading https://repo.maven.apache.org/maven2/org/apache/maven/maven-plugin-api/2.0.11/maven-plugin-api-2.0.11.jar
2015-11-16 17:28:06,760 [Worker-10] INFO  o.e.m.c.i.e.AbstractTransferListenerAdapter - Downloaded https://repo.maven.apache.org/maven2/org/apache/maven/maven-plugin-api/2.0.11/maven-plugin-api-2.0.11.jar
2015-11-16 17:28:06,802 [Worker-10] INFO  o.e.m.c.i.e.AbstractTransferListenerAdapter - Downloading https://repo.maven.apache.org/maven2/org/apache/maven/maven-project/2.0.11/maven-project-2.0.11.jar
2015-11-16 17:28:06,921 [Worker-10] INFO  o.e.m.c.i.e.AbstractTransferListenerAdapter - Downloaded https://repo.maven.apache.org/maven2/org/apache/maven/maven-project/2.0.11/maven-project-2.0.11.jar
2015-11-16 17:28:06,965 [Worker-10] INFO  o.e.m.c.i.e.AbstractTransferListenerAdapter - Downloading https://repo.maven.apache.org/maven2/org/apache/maven/maven-settings/2.0.11/maven-settings-2.0.11.jar
2015-11-16 17:28:07,027 [Worker-10] INFO  o.e.m.c.i.e.AbstractTransferListenerAdapter - Downloaded https://repo.maven.apache.org/maven2/org/apache/maven/maven-settings/2.0.11/maven-settings-2.0.11.jar
2015-11-16 17:28:07,084 [Worker-10] INFO  o.e.m.c.i.e.AbstractTransferListenerAdapter - Downloading https://repo.maven.apache.org/maven2/org/apache/maven/maven-profile/2.0.11/maven-profile-2.0.11.jar
2015-11-16 17:28:07,142 [Worker-10] INFO  o.e.m.c.i.e.AbstractTransferListenerAdapter - Downloaded https://repo.maven.apache.org/maven2/org/apache/maven/maven-profile/2.0.11/maven-profile-2.0.11.jar
2015-11-16 17:28:07,179 [Worker-10] INFO  o.e.m.c.i.e.AbstractTransferListenerAdapter - Downloading https://repo.maven.apache.org/maven2/org/apache/maven/maven-model/2.0.11/maven-model-2.0.11.jar
2015-11-16 17:28:07,290 [Worker-10] INFO  o.e.m.c.i.e.AbstractTransferListenerAdapter - Downloaded https://repo.maven.apache.org/maven2/org/apache/maven/maven-model/2.0.11/maven-model-2.0.11.jar
2015-11-16 17:28:07,333 [Worker-10] INFO  o.e.m.c.i.e.AbstractTransferListenerAdapter - Downloading https://repo.maven.apache.org/maven2/org/apache/maven/maven-artifact-manager/2.0.11/maven-artifact-manager-2.0.11.jar
2015-11-16 17:28:07,383 [Worker-10] INFO  o.e.m.c.i.e.AbstractTransferListenerAdapter - Downloaded https://repo.maven.apache.org/maven2/org/apache/maven/maven-artifact-manager/2.0.11/maven-artifact-manager-2.0.11.jar
2015-11-16 17:28:07,421 [Worker-10] INFO  o.e.m.c.i.e.AbstractTransferListenerAdapter - Downloading https://repo.maven.apache.org/maven2/org/apache/maven/maven-repository-metadata/2.0.11/maven-repository-metadata-2.0.11.jar
2015-11-16 17:28:07,511 [Worker-10] INFO  o.e.m.c.i.e.AbstractTransferListenerAdapter - Downloaded https://repo.maven.apache.org/maven2/org/apache/maven/maven-repository-metadata/2.0.11/maven-repository-metadata-2.0.11.jar
2015-11-16 17:28:07,560 [Worker-10] INFO  o.e.m.c.i.e.AbstractTransferListenerAdapter - Downloading https://repo.maven.apache.org/maven2/org/apache/maven/maven-plugin-registry/2.0.11/maven-plugin-registry-2.0.11.jar
2015-11-16 17:28:07,609 [Worker-10] INFO  o.e.m.c.i.e.AbstractTransferListenerAdapter - Downloaded https://repo.maven.apache.org/maven2/org/apache/maven/maven-plugin-registry/2.0.11/maven-plugin-registry-2.0.11.jar
2015-11-16 17:28:07,655 [Worker-10] INFO  o.e.m.c.i.e.AbstractTransferListenerAdapter - Downloading https://repo.maven.apache.org/maven2/org/codehaus/plexus/plexus-interpolation/1.1/plexus-interpolation-1.1.jar
2015-11-16 17:28:07,697 [Worker-10] INFO  o.e.m.c.i.e.AbstractTransferListenerAdapter - Downloaded https://repo.maven.apache.org/maven2/org/codehaus/plexus/plexus-interpolation/1.1/plexus-interpolation-1.1.jar
2015-11-16 17:28:07,742 [Worker-10] INFO  o.e.m.c.i.e.AbstractTransferListenerAdapter - Downloading https://repo.maven.apache.org/maven2/classworlds/classworlds/1.1-alpha-2/classworlds-1.1-alpha-2.jar
2015-11-16 17:28:07,780 [Worker-10] INFO  o.e.m.c.i.e.AbstractTransferListenerAdapter - Downloaded https://repo.maven.apache.org/maven2/classworlds/classworlds/1.1-alpha-2/classworlds-1.1-alpha-2.jar
2015-11-16 17:28:07,819 [Worker-10] INFO  o.e.m.c.i.e.AbstractTransferListenerAdapter - Downloading https://repo.maven.apache.org/maven2/org/apache/maven/maven-artifact/2.0.11/maven-artifact-2.0.11.jar
2015-11-16 17:28:07,915 [Worker-10] INFO  o.e.m.c.i.e.AbstractTransferListenerAdapter - Downloaded https://repo.maven.apache.org/maven2/org/apache/maven/maven-artifact/2.0.11/maven-artifact-2.0.11.jar
2015-11-16 17:28:07,970 [Worker-10] INFO  o.e.m.c.i.e.AbstractTransferListenerAdapter - Downloading https://repo.maven.apache.org/maven2/org/apache/ant/ant/1.8.2/ant-1.8.2.jar
2015-11-16 17:28:08,672 [Worker-10] INFO  o.e.m.c.i.e.AbstractTransferListenerAdapter - Downloaded https://repo.maven.apache.org/maven2/org/apache/ant/ant/1.8.2/ant-1.8.2.jar
2015-11-16 17:28:08,710 [Worker-10] INFO  o.e.m.c.i.e.AbstractTransferListenerAdapter - Downloading https://repo.maven.apache.org/maven2/org/apache/ant/ant-launcher/1.8.2/ant-launcher-1.8.2.jar
2015-11-16 17:28:08,746 [Worker-10] INFO  o.e.m.c.i.e.AbstractTransferListenerAdapter - Downloaded https://repo.maven.apache.org/maven2/org/apache/ant/ant-launcher/1.8.2/ant-launcher-1.8.2.jar
2015-11-16 17:28:11,170 [Worker-10] INFO  o.e.m.c.i.embedder.EclipseLogger - Executing tasks
2015-11-16 17:28:19,952 [Worker-10] INFO  o.e.m.c.i.embedder.EclipseLogger - Executed tasks
2015-11-16 17:28:20,014 [Worker-10] INFO  o.e.m.c.i.e.AbstractTransferListenerAdapter - Downloading https://repo.maven.apache.org/maven2/org/apache/maven/shared/maven-filtering/1.0/maven-filtering-1.0.pom
2015-11-16 17:28:20,059 [Worker-10] INFO  o.e.m.c.i.e.AbstractTransferListenerAdapter - Downloaded https://repo.maven.apache.org/maven2/org/apache/maven/shared/maven-filtering/1.0/maven-filtering-1.0.pom
2015-11-16 17:28:20,108 [Worker-10] INFO  o.e.m.c.i.e.AbstractTransferListenerAdapter - Downloading https://repo.maven.apache.org/maven2/org/apache/maven/shared/maven-shared-components/16/maven-shared-components-16.pom
2015-11-16 17:28:20,155 [Worker-10] INFO  o.e.m.c.i.e.AbstractTransferListenerAdapter - Downloaded https://repo.maven.apache.org/maven2/org/apache/maven/shared/maven-shared-components/16/maven-shared-components-16.pom
2015-11-16 17:28:20,401 [Worker-10] INFO  o.e.m.c.i.e.AbstractTransferListenerAdapter - Downloading https://repo.maven.apache.org/maven2/org/apache/maven/shared/maven-filtering/1.0/maven-filtering-1.0.jar
2015-11-16 17:28:20,453 [Worker-10] INFO  o.e.m.c.i.e.AbstractTransferListenerAdapter - Downloaded https://repo.maven.apache.org/maven2/org/apache/maven/shared/maven-filtering/1.0/maven-filtering-1.0.jar
2015-11-16 17:28:20,827 [Worker-10] INFO  o.e.m.j.i.AbstractJavaProjectConfigurator - Adding source folder /pmd/src/main/java
2015-11-16 17:28:20,828 [Worker-10] INFO  o.e.m.j.i.AbstractJavaProjectConfigurator - Adding resource folder /pmd/src/main/resources
2015-11-16 17:28:20,848 [Worker-10] INFO  o.e.m.j.i.AbstractJavaProjectConfigurator - Adding source folder /pmd/src/test/java
2015-11-16 17:28:20,849 [Worker-10] INFO  o.e.m.j.i.AbstractJavaProjectConfigurator - Adding resource folder /pmd/src/test/resources
2015-11-16 17:28:20,868 [Worker-10] INFO  o.e.m.j.i.AbstractJavaProjectConfigurator - Resources folder /pmd/src/test/java overlaps with sources folder /pmd/src/test/java
2015-11-16 17:28:21,172 [Worker-10] INFO  o.e.m.c.i.p.ProjectConfigurationManager - Imported and configured 1 project(s) in 47 sec
2015-11-16 17:28:23,593 [Worker-6] INFO  o.e.m.i.discovery.MavenDiscovery - No lifecyle mapping found at jar:file:/C:/Users/ellyn/AppData/Local/Temp/RemoteBundleDiscoveryStrategy616822727699478562.tmp/org.eclipse.m2e.discovery.oss_catalog_1.6.jar_4694237397368520040.jar!/lifecycle%2Forg.eclipse.m2e.discovery.lifecyclemapping.m2e-egit.xml
2015-11-16 17:28:23,594 [Worker-6] WARN  o.e.m.i.discovery.MavenDiscovery - CatalogItem org.eclipse.m2e.discovery.lifecyclemapping.m2e-egit does not contain lifecycle mapping metadata
2015-11-16 17:28:23,597 [Worker-6] INFO  o.e.m.i.discovery.MavenDiscovery - No lifecyle mapping found at jar:file:/C:/Users/ellyn/AppData/Local/Temp/RemoteBundleDiscoveryStrategy616822727699478562.tmp/org.eclipse.m2e.discovery.oss_catalog_1.6.jar_4694237397368520040.jar!/lifecycle%2Forg.eclipse.m2e.discovery.lifecyclemapping.m2e-subversive.xml
2015-11-16 17:28:23,598 [Worker-6] WARN  o.e.m.i.discovery.MavenDiscovery - CatalogItem org.eclipse.m2e.discovery.lifecyclemapping.m2e-subversive does not contain lifecycle mapping metadata
2015-11-16 17:28:38,891 [Worker-4] INFO  o.e.m.c.i.embedder.EclipseLogger - Executing tasks
2015-11-16 17:28:38,956 [Worker-4] INFO  o.e.m.c.i.embedder.EclipseLogger - Executed tasks
2015-11-16 17:28:38,981 [Worker-4] INFO  o.e.m.c.i.embedder.EclipseLogger - Using 'UTF-8' encoding to copy filtered resources.
2015-11-16 17:28:39,000 [Worker-4] INFO  o.e.m.c.i.embedder.EclipseLogger - Copying 67 resources
2015-11-16 17:28:40,277 [Worker-4] INFO  o.e.m.c.i.embedder.EclipseLogger - Using 'UTF-8' encoding to copy filtered resources.
2015-11-16 17:28:40,299 [Worker-4] INFO  o.e.m.c.i.embedder.EclipseLogger - Copying 319 resources
2015-11-16 17:28:43,656 [Worker-4] INFO  o.e.m.c.i.embedder.EclipseLogger - Copying 8 resources
2015-11-16 17:31:24,634 [Worker-12] INFO  o.e.m.c.i.p.ProjectConfigurationManager - Update started
2015-11-16 17:31:24,638 [Worker-12] INFO  o.e.m.c.i.p.ProjectConfigurationManager - Update completed: 0 sec
2015-11-16 17:32:14,049 [Worker-4] INFO  o.e.m.c.i.p.ProjectConfigurationManager - Update started
2015-11-16 17:32:19,489 [Worker-4] INFO  o.e.m.c.i.l.LifecycleMappingFactory - Using org.eclipse.m2e.jdt.JarLifecycleMapping lifecycle mapping for MavenProject: net.sourceforge.pmd:pmd:5.0.5 @ C:\Users\ellyn\Documents\GitHub\VV\TP3\Pmd\pmd\pom.xml.
2015-11-16 17:32:21,154 [Worker-4] INFO  o.e.m.c.i.e.AbstractTransferListenerAdapter - Downloading https://repo.maven.apache.org/maven2/org/apache/maven/maven-plugin-api/2.0/maven-plugin-api-2.0.pom
2015-11-16 17:32:21,189 [Worker-4] INFO  o.e.m.c.i.e.AbstractTransferListenerAdapter - Downloaded https://repo.maven.apache.org/maven2/org/apache/maven/maven-plugin-api/2.0/maven-plugin-api-2.0.pom
2015-11-16 17:32:21,234 [Worker-4] INFO  o.e.m.c.i.e.AbstractTransferListenerAdapter - Downloading https://repo.maven.apache.org/maven2/org/apache/maven/maven/2.0/maven-2.0.pom
2015-11-16 17:32:21,264 [Worker-4] INFO  o.e.m.c.i.e.AbstractTransferListenerAdapter - Downloaded https://repo.maven.apache.org/maven2/org/apache/maven/maven/2.0/maven-2.0.pom
2015-11-16 17:32:21,383 [Worker-4] INFO  o.e.m.c.i.e.AbstractTransferListenerAdapter - Downloading https://repo.maven.apache.org/maven2/org/codehaus/plexus/plexus-utils/1.5.8/plexus-utils-1.5.8.jar
2015-11-16 17:32:21,613 [Worker-4] INFO  o.e.m.c.i.e.AbstractTransferListenerAdapter - Downloaded https://repo.maven.apache.org/maven2/org/codehaus/plexus/plexus-utils/1.5.8/plexus-utils-1.5.8.jar
2015-11-16 17:32:21,885 [Worker-4] INFO  o.e.m.c.i.embedder.EclipseLogger - Source directory: C:\Users\ellyn\Documents\GitHub\VV\TP3\Pmd\pmd\target\generated-sources\javacc added.
2015-11-16 17:32:22,574 [Worker-4] INFO  o.e.m.c.i.embedder.EclipseLogger - Executing tasks
2015-11-16 17:32:22,650 [Worker-4] INFO  o.e.m.c.i.embedder.EclipseLogger - Executed tasks
2015-11-16 17:32:22,859 [Worker-4] INFO  o.e.m.j.i.AbstractJavaProjectConfigurator - Adding source folder /pmd/src/main/java
2015-11-16 17:32:22,880 [Worker-4] INFO  o.e.m.j.i.AbstractJavaProjectConfigurator - Adding source folder /pmd/target/generated-sources/javacc
2015-11-16 17:32:22,881 [Worker-4] INFO  o.e.m.j.i.AbstractJavaProjectConfigurator - Adding resource folder /pmd/src/main/resources
2015-11-16 17:32:22,893 [Worker-4] INFO  o.e.m.j.i.AbstractJavaProjectConfigurator - Adding source folder /pmd/src/test/java
2015-11-16 17:32:22,894 [Worker-4] INFO  o.e.m.j.i.AbstractJavaProjectConfigurator - Adding resource folder /pmd/src/test/resources
2015-11-16 17:32:22,907 [Worker-4] INFO  o.e.m.j.i.AbstractJavaProjectConfigurator - Resources folder /pmd/src/test/java overlaps with sources folder /pmd/src/test/java
2015-11-16 17:32:24,630 [Worker-4] INFO  o.e.m.c.i.p.ProjectConfigurationManager - Update completed: 10 sec
2015-11-16 17:32:37,264 [Worker-10] INFO  o.e.m.c.i.embedder.EclipseLogger - Source directory: C:\Users\ellyn\Documents\GitHub\VV\TP3\Pmd\pmd\target\generated-sources\javacc added.
2015-11-16 17:32:37,487 [Worker-10] INFO  o.e.m.c.i.embedder.EclipseLogger - Executing tasks
2015-11-16 17:32:37,504 [Worker-10] INFO  o.e.m.c.i.embedder.EclipseLogger - Executed tasks
2015-11-16 17:32:37,526 [Worker-10] INFO  o.e.m.c.i.embedder.EclipseLogger - Using 'UTF-8' encoding to copy filtered resources.
2015-11-16 17:32:37,543 [Worker-10] INFO  o.e.m.c.i.embedder.EclipseLogger - Copying 67 resources
2015-11-16 17:32:38,751 [Worker-10] INFO  o.e.m.c.i.embedder.EclipseLogger - Using 'UTF-8' encoding to copy filtered resources.
2015-11-16 17:32:38,796 [Worker-10] INFO  o.e.m.c.i.embedder.EclipseLogger - Copying 319 resources
2015-11-16 17:32:42,095 [Worker-10] INFO  o.e.m.c.i.embedder.EclipseLogger - Copying 8 resources
2015-11-16 17:32:42,478 [Worker-12] INFO  o.e.m.i.launch.MavenLaunchDelegate - C:\Users\ellyn\Documents\GitHub\VV\TP3\Pmd\pmd
2015-11-16 17:32:42,478 [Worker-12] INFO  o.e.m.i.launch.MavenLaunchDelegate -  mvn  -B clean
2015-11-16 17:32:42,779 [main] INFO  c.g.t.t.d.PublishedGradleVersions - Gradle version information cache file is not out-of-date. No remote download required.
2015-11-16 17:32:53,651 [Worker-6] INFO  o.e.m.c.i.embedder.EclipseLogger - Source directory: C:\Users\ellyn\Documents\GitHub\VV\TP3\Pmd\pmd\target\generated-sources\javacc added.
2015-11-16 17:32:53,654 [Worker-6] INFO  o.e.m.c.i.embedder.EclipseLogger - Using 'UTF-8' encoding to copy filtered resources.
2015-11-16 17:32:53,683 [Worker-6] INFO  o.e.m.c.i.embedder.EclipseLogger - Copying 67 resources
2015-11-16 17:32:53,756 [Worker-6] INFO  o.e.m.c.i.embedder.EclipseLogger - Using 'UTF-8' encoding to copy filtered resources.
2015-11-16 17:32:53,827 [Worker-6] INFO  o.e.m.c.i.embedder.EclipseLogger - Copying 319 resources
2015-11-16 17:32:54,724 [Worker-6] INFO  o.e.m.c.i.embedder.EclipseLogger - Copying 8 resources
2015-11-16 17:32:57,409 [main] INFO  o.e.m2e.actions.ExecutePomAction - Creating new launch configuration
2015-11-16 17:33:05,026 [Worker-10] INFO  o.e.m.i.launch.MavenLaunchDelegate - C:\Users\ellyn\Documents\GitHub\VV\TP3\Pmd\pmd
2015-11-16 17:33:05,027 [Worker-10] INFO  o.e.m.i.launch.MavenLaunchDelegate -  mvn  -B package
2015-11-17 14:20:13,703 [Worker-14] INFO  o.e.m.c.i.embedder.EclipseLogger - Source directory: C:\Users\ellyn\Documents\GitHub\VV\TP3\Pmd\pmd\target\generated-sources\javacc added.
2015-11-17 14:20:14,765 [Worker-14] INFO  o.e.m.c.i.embedder.EclipseLogger - Using 'UTF-8' encoding to copy filtered resources.
2015-11-17 14:20:14,843 [Worker-14] INFO  o.e.m.c.i.embedder.EclipseLogger - Copying 67 resources
2015-11-17 14:20:16,078 [Worker-14] INFO  o.e.m.c.i.embedder.EclipseLogger - Using 'UTF-8' encoding to copy filtered resources.
2015-11-17 14:20:16,124 [Worker-14] INFO  o.e.m.c.i.embedder.EclipseLogger - Copying 319 resources
2015-11-17 14:20:18,187 [Worker-14] INFO  o.e.m.c.i.embedder.EclipseLogger - Copying 8 resources
2015-11-17 14:22:20,759 [Worker-11] INFO  o.e.m.c.i.embedder.EclipseLogger - Source directory: C:\Users\ellyn\Documents\GitHub\VV\TP3\Pmd\pmd\target\generated-sources\javacc added.
2015-11-17 14:22:20,759 [Worker-11] INFO  o.e.m.c.i.embedder.EclipseLogger - Using 'UTF-8' encoding to copy filtered resources.
2015-11-17 14:22:20,775 [Worker-11] INFO  o.e.m.c.i.embedder.EclipseLogger - Copying 67 resources
2015-11-17 14:22:20,916 [Worker-11] INFO  o.e.m.c.i.embedder.EclipseLogger - Using 'UTF-8' encoding to copy filtered resources.
2015-11-17 14:22:20,994 [Worker-11] INFO  o.e.m.c.i.embedder.EclipseLogger - Copying 319 resources
2015-11-17 14:22:23,136 [Worker-11] INFO  o.e.m.c.i.embedder.EclipseLogger - Copying 8 resources
2015-11-17 14:22:23,855 [Worker-5] INFO  o.e.m.i.launch.MavenLaunchDelegate - C:\Users\ellyn\Documents\GitHub\VV\TP3\Pmd\pmd
2015-11-17 14:22:23,855 [Worker-5] INFO  o.e.m.i.launch.MavenLaunchDelegate -  mvn  -B clean
2015-11-17 14:22:25,230 [main] INFO  c.g.t.t.d.PublishedGradleVersions - Gradle version information cache file is not out-of-date. No remote download required.
2015-11-17 14:22:30,925 [Worker-9] INFO  o.e.m.c.i.embedder.EclipseLogger - Source directory: C:\Users\ellyn\Documents\GitHub\VV\TP3\Pmd\pmd\target\generated-sources\javacc added.
2015-11-17 14:22:30,941 [Worker-9] INFO  o.e.m.c.i.embedder.EclipseLogger - Using 'UTF-8' encoding to copy filtered resources.
2015-11-17 14:22:30,941 [Worker-9] INFO  o.e.m.c.i.embedder.EclipseLogger - Copying 67 resources
2015-11-17 14:22:31,097 [Worker-9] INFO  o.e.m.c.i.embedder.EclipseLogger - Using 'UTF-8' encoding to copy filtered resources.
2015-11-17 14:22:31,160 [Worker-9] INFO  o.e.m.c.i.embedder.EclipseLogger - Copying 319 resources
2015-11-17 14:22:32,490 [Worker-9] INFO  o.e.m.c.i.embedder.EclipseLogger - Copying 8 resources
2015-11-17 14:22:45,655 [main] INFO  o.e.m2e.actions.ExecutePomAction - Creating new launch configuration
2015-11-17 14:22:58,622 [Worker-1] INFO  o.e.m.i.launch.MavenLaunchDelegate - C:\Users\ellyn\Documents\GitHub\VV\TP3\Pmd\pmd
2015-11-17 14:22:58,638 [Worker-1] INFO  o.e.m.i.launch.MavenLaunchDelegate -  mvn  -B package
2015-11-17 14:24:37,331 [Worker-17] INFO  o.e.m.c.i.embedder.EclipseLogger - Source directory: C:\Users\ellyn\Documents\GitHub\VV\TP3\Pmd\pmd\target\generated-sources\javacc added.
2015-11-17 14:24:37,331 [Worker-17] INFO  o.e.m.c.i.embedder.EclipseLogger - Using 'UTF-8' encoding to copy filtered resources.
2015-11-17 14:24:37,331 [Worker-17] INFO  o.e.m.c.i.embedder.EclipseLogger - Copying 0 resource
2015-11-17 14:24:37,331 [Worker-17] INFO  o.e.m.c.i.embedder.EclipseLogger - Using 'UTF-8' encoding to copy filtered resources.
2015-11-17 14:24:37,331 [Worker-17] INFO  o.e.m.c.i.embedder.EclipseLogger - Copying 0 resource
2015-11-17 14:24:37,331 [Worker-17] INFO  o.e.m.c.i.embedder.EclipseLogger - Copying 0 resource
2015-11-17 14:24:44,871 [Worker-5] INFO  o.e.m.i.launch.MavenLaunchDelegate - C:\Users\ellyn\Documents\GitHub\VV\TP3\Pmd\pmd
2015-11-17 14:24:44,871 [Worker-5] INFO  o.e.m.i.launch.MavenLaunchDelegate -  mvn  -B clean
2015-11-17 14:24:49,427 [Worker-9] INFO  o.e.m.c.i.embedder.EclipseLogger - Source directory: C:\Users\ellyn\Documents\GitHub\VV\TP3\Pmd\pmd\target\generated-sources\javacc added.
2015-11-17 14:24:49,427 [Worker-9] INFO  o.e.m.c.i.embedder.EclipseLogger - Using 'UTF-8' encoding to copy filtered resources.
2015-11-17 14:24:49,443 [Worker-9] INFO  o.e.m.c.i.embedder.EclipseLogger - Copying 67 resources
2015-11-17 14:24:50,396 [Worker-9] INFO  o.e.m.c.i.embedder.EclipseLogger - Using 'UTF-8' encoding to copy filtered resources.
2015-11-17 14:24:50,443 [Worker-9] INFO  o.e.m.c.i.embedder.EclipseLogger - Copying 319 resources
2015-11-17 14:24:51,130 [Worker-9] INFO  o.e.m.c.i.embedder.EclipseLogger - Copying 8 resources
2015-11-17 14:24:54,099 [main] INFO  o.e.m2e.actions.ExecutePomAction - Creating new launch configuration
2015-11-17 14:24:58,108 [Worker-9] INFO  o.e.m.i.launch.MavenLaunchDelegate - C:\Users\ellyn\Documents\GitHub\VV\TP3\Pmd\pmd
2015-11-17 14:24:58,108 [Worker-9] INFO  o.e.m.i.launch.MavenLaunchDelegate -  mvn  -B package
2015-11-27 14:08:07,625 [Worker-4] INFO  o.e.m.c.i.embedder.EclipseLogger - Source directory: C:\Users\ellyn\Documents\GitHub\VV\TP3\Pmd\pmd\target\generated-sources\javacc added.
2015-11-27 14:08:08,276 [Worker-4] INFO  o.e.m.c.i.embedder.EclipseLogger - Using 'UTF-8' encoding to copy filtered resources.
2015-11-27 14:08:08,605 [Worker-4] INFO  o.e.m.c.i.embedder.EclipseLogger - Copying 67 resources
2015-11-27 14:08:09,666 [Worker-4] INFO  o.e.m.c.i.embedder.EclipseLogger - Using 'UTF-8' encoding to copy filtered resources.
2015-11-27 14:08:09,695 [Worker-4] INFO  o.e.m.c.i.embedder.EclipseLogger - Copying 319 resources
2015-11-27 14:08:10,673 [Worker-4] INFO  o.e.m.c.i.embedder.EclipseLogger - Copying 8 resources
2015-11-27 14:09:56,832 [main] INFO  o.e.m2e.actions.ExecutePomAction - Creating new launch configuration
2015-11-27 14:10:08,526 [Worker-5] INFO  o.e.m.i.launch.MavenLaunchDelegate - C:\Users\ellyn\Documents\GitHub\VV\TP3\Pmd\pmd
2015-11-27 14:10:08,541 [Worker-5] INFO  o.e.m.i.launch.MavenLaunchDelegate -  mvn  -B package
2015-11-27 14:10:09,463 [main] INFO  c.g.t.t.d.PublishedGradleVersions - Gradle version information cache file is out-of-date. Remote download required.
2015-11-27 14:15:13,666 [Worker-16] INFO  o.e.m.c.i.embedder.EclipseLogger - Source directory: C:\Users\ellyn\Documents\GitHub\VV\TP3\Pmd\pmd\target\generated-sources\javacc added.
2015-11-27 14:15:13,666 [Worker-16] INFO  o.e.m.c.i.embedder.EclipseLogger - Using 'UTF-8' encoding to copy filtered resources.
2015-11-27 14:15:13,682 [Worker-16] INFO  o.e.m.c.i.embedder.EclipseLogger - Copying 67 resources
2015-11-27 14:15:13,807 [Worker-16] INFO  o.e.m.c.i.embedder.EclipseLogger - Using 'UTF-8' encoding to copy filtered resources.
2015-11-27 14:15:13,916 [Worker-16] INFO  o.e.m.c.i.embedder.EclipseLogger - Copying 319 resources
2015-11-27 14:15:15,867 [Worker-16] INFO  o.e.m.c.i.embedder.EclipseLogger - Copying 8 resources
2015-11-27 14:15:25,303 [Worker-3] INFO  o.e.m.c.i.e.AbstractTransferListenerAdapter - Downloading https://repo.maven.apache.org/maven2/org/jacoco/jacoco-maven-plugin/0.7.1.201405082137/jacoco-maven-plugin-0.7.1.201405082137.pom
2015-11-27 14:15:25,412 [Worker-3] INFO  o.e.m.c.i.e.AbstractTransferListenerAdapter - Downloaded https://repo.maven.apache.org/maven2/org/jacoco/jacoco-maven-plugin/0.7.1.201405082137/jacoco-maven-plugin-0.7.1.201405082137.pom
2015-11-27 14:15:25,459 [Worker-3] INFO  o.e.m.c.i.e.AbstractTransferListenerAdapter - Downloading https://repo.maven.apache.org/maven2/org/jacoco/org.jacoco.build/0.7.1.201405082137/org.jacoco.build-0.7.1.201405082137.pom
2015-11-27 14:15:25,584 [Worker-3] INFO  o.e.m.c.i.e.AbstractTransferListenerAdapter - Downloaded https://repo.maven.apache.org/maven2/org/jacoco/org.jacoco.build/0.7.1.201405082137/org.jacoco.build-0.7.1.201405082137.pom
2015-11-27 14:15:25,678 [Worker-3] INFO  o.e.m.c.i.e.AbstractTransferListenerAdapter - Downloading https://repo.maven.apache.org/maven2/org/jacoco/jacoco-maven-plugin/0.7.1.201405082137/jacoco-maven-plugin-0.7.1.201405082137.jar
2015-11-27 14:15:25,818 [Worker-3] INFO  o.e.m.c.i.e.AbstractTransferListenerAdapter - Downloaded https://repo.maven.apache.org/maven2/org/jacoco/jacoco-maven-plugin/0.7.1.201405082137/jacoco-maven-plugin-0.7.1.201405082137.jar
2015-11-27 14:15:27,146 [Worker-3] INFO  o.e.m.c.i.l.LifecycleMappingFactory - Using org.eclipse.m2e.jdt.JarLifecycleMapping lifecycle mapping for MavenProject: istic:simpleGame:1 @ C:\Users\ellyn\Documents\GitHub\VV\TP2\Stubsmocks\simpleGame\pom.xml.
2015-11-27 14:15:27,725 [Worker-3] INFO  o.e.m.j.i.AbstractJavaProjectConfigurator - Adding source folder /simpleGame/src/main/java
2015-11-27 14:15:27,725 [Worker-3] INFO  o.e.m.j.i.AbstractJavaProjectConfigurator - Adding source folder /simpleGame/src/test/java
2015-11-27 14:15:27,787 [Worker-3] INFO  o.e.m.c.i.p.ProjectConfigurationManager - Imported and configured 1 project(s) in 3 sec
2015-11-27 14:15:34,363 [Worker-10] INFO  o.e.m.i.discovery.MavenDiscovery - No lifecyle mapping found at jar:file:/C:/Users/ellyn/AppData/Local/Temp/RemoteBundleDiscoveryStrategy7919516793183850465.tmp/org.eclipse.m2e.discovery.oss_catalog_1.6.jar_2219051217452832533.jar!/lifecycle%2Forg.eclipse.m2e.discovery.lifecyclemapping.m2e-egit.xml
2015-11-27 14:15:34,363 [Worker-10] WARN  o.e.m.i.discovery.MavenDiscovery - CatalogItem org.eclipse.m2e.discovery.lifecyclemapping.m2e-egit does not contain lifecycle mapping metadata
2015-11-27 14:15:34,363 [Worker-10] INFO  o.e.m.i.discovery.MavenDiscovery - No lifecyle mapping found at jar:file:/C:/Users/ellyn/AppData/Local/Temp/RemoteBundleDiscoveryStrategy7919516793183850465.tmp/org.eclipse.m2e.discovery.oss_catalog_1.6.jar_2219051217452832533.jar!/lifecycle%2Forg.eclipse.m2e.discovery.lifecyclemapping.m2e-subversive.xml
2015-11-27 14:15:34,363 [Worker-10] WARN  o.e.m.i.discovery.MavenDiscovery - CatalogItem org.eclipse.m2e.discovery.lifecyclemapping.m2e-subversive does not contain lifecycle mapping metadata
2015-11-27 14:15:34,691 [Worker-10] WARN  o.e.m.c.i.embedder.EclipseLogger - Using platform encoding (Cp1252 actually) to copy filtered resources, i.e. build is platform dependent!
2015-11-27 14:15:34,691 [Worker-10] INFO  o.e.m.c.i.embedder.EclipseLogger - skip non existing resourceDirectory C:\Users\ellyn\Documents\GitHub\VV\TP2\Stubsmocks\simpleGame\src\main\resources
2015-11-27 14:15:34,691 [Worker-10] WARN  o.e.m.c.i.embedder.EclipseLogger - Using platform encoding (Cp1252 actually) to copy filtered resources, i.e. build is platform dependent!
2015-11-27 14:15:34,691 [Worker-10] INFO  o.e.m.c.i.embedder.EclipseLogger - skip non existing resourceDirectory C:\Users\ellyn\Documents\GitHub\VV\TP2\Stubsmocks\simpleGame\src\test\resources
2015-11-27 15:18:48,039 [Worker-37] WARN  o.e.m.c.i.embedder.EclipseLogger - Using platform encoding (Cp1252 actually) to copy filtered resources, i.e. build is platform dependent!
2015-11-27 15:18:48,161 [Worker-37] INFO  o.e.m.c.i.embedder.EclipseLogger - skip non existing resourceDirectory C:\Users\ellyn\Documents\GitHub\VV\TP2\Stubsmocks\simpleGame\src\main\resources
2015-11-27 15:18:48,167 [Worker-37] WARN  o.e.m.c.i.embedder.EclipseLogger - Using platform encoding (Cp1252 actually) to copy filtered resources, i.e. build is platform dependent!
2015-11-27 15:18:48,170 [Worker-37] INFO  o.e.m.c.i.embedder.EclipseLogger - skip non existing resourceDirectory C:\Users\ellyn\Documents\GitHub\VV\TP2\Stubsmocks\simpleGame\src\test\resources
2015-11-27 15:38:18,067 [Worker-36] INFO  o.e.m.c.i.embedder.EclipseLogger - Source directory: C:\Users\ellyn\Documents\GitHub\VV\TP3\Pmd\pmd\target\generated-sources\javacc added.
2015-11-27 15:38:18,073 [Worker-36] INFO  o.e.m.c.i.embedder.EclipseLogger - Using 'UTF-8' encoding to copy filtered resources.
2015-11-27 15:38:18,073 [Worker-36] INFO  o.e.m.c.i.embedder.EclipseLogger - Copying 0 resource
2015-11-27 15:38:18,076 [Worker-36] INFO  o.e.m.c.i.embedder.EclipseLogger - Using 'UTF-8' encoding to copy filtered resources.
2015-11-27 15:38:18,077 [Worker-36] INFO  o.e.m.c.i.embedder.EclipseLogger - Copying 0 resource
2015-11-27 15:38:18,077 [Worker-36] INFO  o.e.m.c.i.embedder.EclipseLogger - Copying 0 resource
2015-11-27 15:44:40,680 [Worker-41] INFO  o.e.m.c.i.embedder.EclipseLogger - Source directory: C:\Users\ellyn\Documents\GitHub\VV\TP3\Pmd\pmd\target\generated-sources\javacc added.
2015-11-27 15:44:40,683 [Worker-41] INFO  o.e.m.c.i.embedder.EclipseLogger - Using 'UTF-8' encoding to copy filtered resources.
2015-11-27 15:44:40,692 [Worker-41] INFO  o.e.m.c.i.embedder.EclipseLogger - Copying 67 resources
2015-11-27 15:44:40,968 [Worker-41] INFO  o.e.m.c.i.embedder.EclipseLogger - Using 'UTF-8' encoding to copy filtered resources.
2015-11-27 15:44:40,968 [Worker-41] INFO  o.e.m.c.i.embedder.EclipseLogger - Copying 0 resource
2015-11-27 15:44:40,969 [Worker-41] INFO  o.e.m.c.i.embedder.EclipseLogger - Copying 0 resource
2015-11-27 15:48:59,325 [Worker-40] INFO  o.e.m.c.i.embedder.EclipseLogger - Source directory: C:\Users\ellyn\Documents\GitHub\VV\TP3\Pmd\pmd\target\generated-sources\javacc added.
2015-11-27 15:48:59,328 [Worker-40] INFO  o.e.m.c.i.embedder.EclipseLogger - Using 'UTF-8' encoding to copy filtered resources.
2015-11-27 15:48:59,366 [Worker-40] INFO  o.e.m.c.i.embedder.EclipseLogger - Copying 1 resource
2015-11-27 15:48:59,369 [Worker-40] INFO  o.e.m.c.i.embedder.EclipseLogger - Using 'UTF-8' encoding to copy filtered resources.
2015-11-27 15:48:59,370 [Worker-40] INFO  o.e.m.c.i.embedder.EclipseLogger - Copying 0 resource
2015-11-27 15:48:59,370 [Worker-40] INFO  o.e.m.c.i.embedder.EclipseLogger - Copying 0 resource
2015-11-27 16:04:58,659 [Worker-51] INFO  o.e.m.c.i.embedder.EclipseLogger - Source directory: C:\Users\ellyn\Documents\GitHub\VV\TP3\Pmd\pmd\target\generated-sources\javacc added.
2015-11-27 16:04:58,662 [Worker-51] INFO  o.e.m.c.i.embedder.EclipseLogger - Using 'UTF-8' encoding to copy filtered resources.
2015-11-27 16:04:58,671 [Worker-51] INFO  o.e.m.c.i.embedder.EclipseLogger - Copying 67 resources
2015-11-27 16:04:58,859 [Worker-51] INFO  o.e.m.c.i.embedder.EclipseLogger - Using 'UTF-8' encoding to copy filtered resources.
2015-11-27 16:04:58,859 [Worker-51] INFO  o.e.m.c.i.embedder.EclipseLogger - Copying 0 resource
2015-11-27 16:04:58,859 [Worker-51] INFO  o.e.m.c.i.embedder.EclipseLogger - Copying 0 resource
2015-11-27 16:17:07,072 [Worker-48] INFO  o.e.m.c.i.embedder.EclipseLogger - Source directory: C:\Users\ellyn\Documents\GitHub\VV\TP3\Pmd\pmd\target\generated-sources\javacc added.
2015-11-27 16:17:07,116 [Worker-48] INFO  o.e.m.c.i.embedder.EclipseLogger - Using 'UTF-8' encoding to copy filtered resources.
2015-11-27 16:17:07,278 [Worker-48] INFO  o.e.m.c.i.embedder.EclipseLogger - Copying 67 resources
2015-11-27 16:17:08,722 [Worker-48] INFO  o.e.m.c.i.embedder.EclipseLogger - Using 'UTF-8' encoding to copy filtered resources.
2015-11-27 16:17:08,759 [Worker-48] INFO  o.e.m.c.i.embedder.EclipseLogger - Copying 0 resource
2015-11-27 16:17:08,761 [Worker-48] INFO  o.e.m.c.i.embedder.EclipseLogger - Copying 0 resource
2015-11-27 17:52:29,518 [Worker-68] INFO  o.e.m.c.i.embedder.EclipseLogger - Source directory: C:\Users\ellyn\Documents\GitHub\VV\TP3\Pmd\pmd\target\generated-sources\javacc added.
2015-11-27 17:52:29,523 [Worker-68] INFO  o.e.m.c.i.embedder.EclipseLogger - Using 'UTF-8' encoding to copy filtered resources.
2015-11-27 17:52:29,534 [Worker-68] INFO  o.e.m.c.i.embedder.EclipseLogger - Copying 67 resources
2015-11-27 17:52:29,592 [Worker-68] INFO  o.e.m.c.i.embedder.EclipseLogger - Using 'UTF-8' encoding to copy filtered resources.
2015-11-27 17:52:29,592 [Worker-68] INFO  o.e.m.c.i.embedder.EclipseLogger - Copying 0 resource
2015-11-27 17:52:29,592 [Worker-68] INFO  o.e.m.c.i.embedder.EclipseLogger - Copying 0 resource
2015-12-01 17:29:06,667 [Worker-13] INFO  o.e.m.c.i.embedder.EclipseLogger - Source directory: C:\Users\ellyn\Documents\GitHub\VV\TP3\Pmd\pmd\target\generated-sources\javacc added.
2015-12-01 17:29:07,536 [Worker-13] INFO  o.e.m.c.i.embedder.EclipseLogger - Using 'UTF-8' encoding to copy filtered resources.
2015-12-01 17:29:07,552 [Worker-13] INFO  o.e.m.c.i.embedder.EclipseLogger - Copying 67 resources
2015-12-01 17:29:09,489 [Worker-13] INFO  o.e.m.c.i.embedder.EclipseLogger - Using 'UTF-8' encoding to copy filtered resources.
2015-12-01 17:29:09,536 [Worker-13] INFO  o.e.m.c.i.embedder.EclipseLogger - Copying 319 resources
2015-12-01 17:29:13,221 [Worker-13] INFO  o.e.m.c.i.embedder.EclipseLogger - Copying 8 resources
2015-12-01 17:30:56,214 [Worker-16] INFO  o.e.m.i.launch.MavenLaunchDelegate - C:\Users\ellyn\Documents\GitHub\VV\TP3\Pmd\pmd
2015-12-01 17:30:56,261 [Worker-16] INFO  o.e.m.i.launch.MavenLaunchDelegate -  mvn  -B package
2015-12-01 17:30:58,074 [main] INFO  c.g.t.t.d.PublishedGradleVersions - Gradle version information cache file is out-of-date. Remote download required.
2015-12-01 17:36:23,829 [Worker-17] INFO  o.e.m.c.i.embedder.EclipseLogger - Source directory: C:\Users\ellyn\Documents\GitHub\VV\TP3\Pmd\pmd\target\generated-sources\javacc added.
2015-12-01 17:36:23,837 [Worker-17] INFO  o.e.m.c.i.embedder.EclipseLogger - Using 'UTF-8' encoding to copy filtered resources.
2015-12-01 17:36:23,859 [Worker-17] INFO  o.e.m.c.i.embedder.EclipseLogger - Copying 67 resources
2015-12-01 17:36:24,457 [Worker-17] INFO  o.e.m.c.i.embedder.EclipseLogger - Using 'UTF-8' encoding to copy filtered resources.
2015-12-01 17:36:24,457 [Worker-17] INFO  o.e.m.c.i.embedder.EclipseLogger - Copying 0 resource
2015-12-01 17:36:24,457 [Worker-17] INFO  o.e.m.c.i.embedder.EclipseLogger - Copying 0 resource
2015-12-01 17:38:33,940 [Worker-10] INFO  o.e.m.c.i.embedder.EclipseLogger - Source directory: C:\Users\ellyn\Documents\GitHub\VV\TP3\Pmd\pmd\target\generated-sources\javacc added.
2015-12-01 17:38:33,940 [Worker-10] INFO  o.e.m.c.i.embedder.EclipseLogger - Using 'UTF-8' encoding to copy filtered resources.
2015-12-01 17:38:33,955 [Worker-10] INFO  o.e.m.c.i.embedder.EclipseLogger - Copying 67 resources
2015-12-01 17:38:34,018 [Worker-10] INFO  o.e.m.c.i.embedder.EclipseLogger - Using 'UTF-8' encoding to copy filtered resources.
2015-12-01 17:38:34,018 [Worker-10] INFO  o.e.m.c.i.embedder.EclipseLogger - Copying 0 resource
2015-12-01 17:38:34,018 [Worker-10] INFO  o.e.m.c.i.embedder.EclipseLogger - Copying 0 resource
2015-12-01 17:38:50,649 [Worker-18] INFO  o.e.m.i.launch.MavenLaunchDelegate - C:\Users\ellyn\Documents\GitHub\VV\TP3\Pmd\pmd
2015-12-01 17:38:50,649 [Worker-18] INFO  o.e.m.i.launch.MavenLaunchDelegate -  mvn  -B package
